1594774153294	mozrunner::runner	INFO	Running command: "/usr/bin/firefox" "-marionette" "-foreground" "-no-remote" "-profile" "/tmp/rust_mozprofiler8jH5a"
1594774159869	Marionette	INFO	Listening on port 46673
1594774159932	Marionette	WARN	TLS certificate errors will be ignored for this session
[Child 10271, MediaDecoderStateMachine #1] WARNING: 7f80014b4940 OpenCubeb() failed to init cubeb: file /build/firefox-k3d8Rk/firefox-78.0.2+build2/dom/media/AudioStream.cpp, line 331
[Child 10271, MediaDecoderStateMachine #1] WARNING: 7f80014b4940 OpenCubeb() failed to init cubeb: file /build/firefox-k3d8Rk/firefox-78.0.2+build2/dom/media/AudioStream.cpp, line 331
[Child 10271, MediaDecoderStateMachine #1] WARNING: Decoder=7f8024913800 [OnMediaSinkAudioError]: file /build/firefox-k3d8Rk/firefox-78.0.2+build2/dom/media/MediaDecoderStateMachine.cpp, line 3891
[Child 10271, MediaDecoderStateMachine #1] WARNING: Decoder=7f8024913800 Decode error: NS_ERROR_DOM_MEDIA_MEDIASINK_ERR (0x806e000b) - OnMediaSinkAudioError: file /build/firefox-k3d8Rk/firefox-78.0.2+build2/dom/media/MediaDecoderStateMachine.cpp, line 3470
[Child 10271, MediaDecoderStateMachine #1] WARNING: Decoder=7f8024912800 [OnMediaSinkAudioError]: file /build/firefox-k3d8Rk/firefox-78.0.2+build2/dom/media/MediaDecoderStateMachine.cpp, line 3891
[Child 10271, MediaDecoderStateMachine #1] WARNING: Decoder=7f8024912800 Decode error: NS_ERROR_DOM_MEDIA_MEDIASINK_ERR (0x806e000b) - OnMediaSinkAudioError: file /build/firefox-k3d8Rk/firefox-78.0.2+build2/dom/media/MediaDecoderStateMachine.cpp, line 3470
[Child 10271, MediaDecoderStateMachine #1] WARNING: 7f801e34c390 OpenCubeb() failed to init cubeb: file /build/firefox-k3d8Rk/firefox-78.0.2+build2/dom/media/AudioStream.cpp, line 331
[Child 10271, MediaDecoderStateMachine #1] WARNING: Decoder=7f8014ec9c00 [OnMediaSinkAudioError]: file /build/firefox-k3d8Rk/firefox-78.0.2+build2/dom/media/MediaDecoderStateMachine.cpp, line 3891
[Child 10271, MediaDecoderStateMachine #1] WARNING: Decoder=7f8014ec9c00 Decode error: NS_ERROR_DOM_MEDIA_MEDIASINK_ERR (0x806e000b) - OnMediaSinkAudioError: file /build/firefox-k3d8Rk/firefox-78.0.2+build2/dom/media/MediaDecoderStateMachine.cpp, line 3470
[Child 10271, MediaDecoderStateMachine #1] WARNING: 7f801502a980 OpenCubeb() failed to init cubeb: file /build/firefox-k3d8Rk/firefox-78.0.2+build2/dom/media/AudioStream.cpp, line 331
[Child 10271, MediaDecoderStateMachine #1] WARNING: Decoder=7f8005242000 [OnMediaSinkAudioError]: file /build/firefox-k3d8Rk/firefox-78.0.2+build2/dom/media/MediaDecoderStateMachine.cpp, line 3891
[Child 10271, MediaDecoderStateMachine #1] WARNING: Decoder=7f8005242000 Decode error: NS_ERROR_DOM_MEDIA_MEDIASINK_ERR (0x806e000b) - OnMediaSinkAudioError: file /build/firefox-k3d8Rk/firefox-78.0.2+build2/dom/media/MediaDecoderStateMachine.cpp, line 3470
[Child 10271, MediaDecoderStateMachine #1] WARNING: 7f80019f2120 OpenCubeb() failed to init cubeb: file /build/firefox-k3d8Rk/firefox-78.0.2+build2/dom/media/AudioStream.cpp, line 331
[Child 10271, MediaDecoderStateMachine #1] WARNING: Decoder=7f7ffeb6c800 [OnMediaSinkAudioError]: file /build/firefox-k3d8Rk/firefox-78.0.2+build2/dom/media/MediaDecoderStateMachine.cpp, line 3891
JavaScript error: https://players.brightcove.net/3948005062001/zRtuFJOcV_default/index.min.js, line 1: TypeError: this.el_ is null
[Child 10271, MediaDecoderStateMachine #1] WARNING: 7f7ff6db4fc0 OpenCubeb() failed to init cubeb: file /build/firefox-k3d8Rk/firefox-78.0.2+build2/dom/media/AudioStream.cpp, line 331
[Child 10271, MediaDecoderStateMachine #1] WARNING: Decoder=7f7ff745f000 [OnMediaSinkAudioError]: file /build/firefox-k3d8Rk/firefox-78.0.2+build2/dom/media/MediaDecoderStateMachine.cpp, line 3891
[Child 10271, MediaDecoderStateMachine #1] WARNING: 7f7ff6db4ef0 OpenCubeb() failed to init cubeb: file /build/firefox-k3d8Rk/firefox-78.0.2+build2/dom/media/AudioStream.cpp, line 331
[Child 10271, MediaDecoderStateMachine #1] WARNING: Decoder=7f7ff305ec00 [OnMediaSinkAudioError]: file /build/firefox-k3d8Rk/firefox-78.0.2+build2/dom/media/MediaDecoderStateMachine.cpp, line 3891
1594774309461	mozrunner::runner	INFO	Running command: "/usr/bin/firefox" "-marionette" "-foreground" "-no-remote" "-profile" "/tmp/rust_mozprofileNFVlmh"
Exiting due to channel error.
Exiting due to channel error.
1594774319338	mozrunner::runner	INFO	Running command: "/usr/bin/firefox" "-marionette" "-foreground" "-no-remote" "-profile" "/tmp/rust_mozprofileRRNzdT"
1594774326107	Marionette	INFO	Listening on port 41207
1594774326163	Marionette	WARN	TLS certificate errors will be ignored for this session
[Child 11194, MediaDecoderStateMachine #1] WARNING: 7f21db7f9390 OpenCubeb() failed to init cubeb: file /build/firefox-k3d8Rk/firefox-78.0.2+build2/dom/media/AudioStream.cpp, line 331
[Child 11194, MediaDecoderStateMachine #1] WARNING: 7f21db7f9390 OpenCubeb() failed to init cubeb: file /build/firefox-k3d8Rk/firefox-78.0.2+build2/dom/media/AudioStream.cpp, line 331
[Child 11194, MediaDecoderStateMachine #1] WARNING: Decoder=7f21e0ac1000 [OnMediaSinkAudioError]: file /build/firefox-k3d8Rk/firefox-78.0.2+build2/dom/media/MediaDecoderStateMachine.cpp, line 3891
[Child 11194, MediaDecoderStateMachine #1] WARNING: Decoder=7f21e0ac1000 Decode error: NS_ERROR_DOM_MEDIA_MEDIASINK_ERR (0x806e000b) - OnMediaSinkAudioError: file /build/firefox-k3d8Rk/firefox-78.0.2+build2/dom/media/MediaDecoderStateMachine.cpp, line 3470
[Child 11194, MediaDecoderStateMachine #1] WARNING: Decoder=7f21f8de5800 [OnMediaSinkAudioError]: file /build/firefox-k3d8Rk/firefox-78.0.2+build2/dom/media/MediaDecoderStateMachine.cpp, line 3891
[Child 11194, MediaDecoderStateMachine #1] WARNING: Decoder=7f21f8de5800 Decode error: NS_ERROR_DOM_MEDIA_MEDIASINK_ERR (0x806e000b) - OnMediaSinkAudioError: file /build/firefox-k3d8Rk/firefox-78.0.2+build2/dom/media/MediaDecoderStateMachine.cpp, line 3470
[Child 11194, MediaDecoderStateMachine #1] WARNING: 7f21e31c03d0 OpenCubeb() failed to init cubeb: file /build/firefox-k3d8Rk/firefox-78.0.2+build2/dom/media/AudioStream.cpp, line 331
[Child 11194, MediaDecoderStateMachine #1] WARNING: Decoder=7f21d7087400 [OnMediaSinkAudioError]: file /build/firefox-k3d8Rk/firefox-78.0.2+build2/dom/media/MediaDecoderStateMachine.cpp, line 3891
[Child 11194, MediaDecoderStateMachine #1] WARNING: Decoder=7f21d7087400 Decode error: NS_ERROR_DOM_MEDIA_MEDIASINK_ERR (0x806e000b) - OnMediaSinkAudioError: file /build/firefox-k3d8Rk/firefox-78.0.2+build2/dom/media/MediaDecoderStateMachine.cpp, line 3470
[Child 11194, MediaDecoderStateMachine #1] WARNING: 7f21dc2fdae0 OpenCubeb() failed to init cubeb: file /build/firefox-k3d8Rk/firefox-78.0.2+build2/dom/media/AudioStream.cpp, line 331
[Child 11194, MediaDecoderStateMachine #1] WARNING: Decoder=7f21ddae4800 [OnMediaSinkAudioError]: file /build/firefox-k3d8Rk/firefox-78.0.2+build2/dom/media/MediaDecoderStateMachine.cpp, line 3891
[Child 11194, MediaDecoderStateMachine #1] WARNING: Decoder=7f21ddae4800 Decode error: NS_ERROR_DOM_MEDIA_MEDIASINK_ERR (0x806e000b) - OnMediaSinkAudioError: file /build/firefox-k3d8Rk/firefox-78.0.2+build2/dom/media/MediaDecoderStateMachine.cpp, line 3470
[Child 11194, MediaDecoderStateMachine #1] WARNING: 7f21e31b1640 OpenCubeb() failed to init cubeb: file /build/firefox-k3d8Rk/firefox-78.0.2+build2/dom/media/AudioStream.cpp, line 331
[Child 11194, MediaDecoderStateMachine #1] WARNING: Decoder=7f21f86e8400 [OnMediaSinkAudioError]: file /build/firefox-k3d8Rk/firefox-78.0.2+build2/dom/media/MediaDecoderStateMachine.cpp, line 3891
JavaScript error: https://players.brightcove.net/3948005062001/zRtuFJOcV_default/index.min.js, line 1: TypeError: this.el_ is null
[Child 11194, MediaDecoderStateMachine #1] WARNING: 7f21d754afc0 OpenCubeb() failed to init cubeb: file /build/firefox-k3d8Rk/firefox-78.0.2+build2/dom/media/AudioStream.cpp, line 331
[Child 11194, MediaDecoderStateMachine #1] WARNING: Decoder=7f21daced000 [OnMediaSinkAudioError]: file /build/firefox-k3d8Rk/firefox-78.0.2+build2/dom/media/MediaDecoderStateMachine.cpp, line 3891
[Child 11194, MediaDecoderStateMachine #1] WARNING: Decoder=7f21daced000 Decode error: NS_ERROR_DOM_MEDIA_MEDIASINK_ERR (0x806e000b) - OnMediaSinkAudioError: file /build/firefox-k3d8Rk/firefox-78.0.2+build2/dom/media/MediaDecoderStateMachine.cpp, line 3470
[Child 11194, MediaDecoderStateMachine #1] WARNING: 7f21d3d7b8b0 OpenCubeb() failed to init cubeb: file /build/firefox-k3d8Rk/firefox-78.0.2+build2/dom/media/AudioStream.cpp, line 331
[Child 11194, MediaDecoderStateMachine #1] WARNING: Decoder=7f21d3dcdc00 [OnMediaSinkAudioError]: file /build/firefox-k3d8Rk/firefox-78.0.2+build2/dom/media/MediaDecoderStateMachine.cpp, line 3891
[Child 10271, MediaDecoderStateMachine #1] WARNING: 7f7ff6db5b20 OpenCubeb() failed to init cubeb: file /build/firefox-k3d8Rk/firefox-78.0.2+build2/dom/media/AudioStream.cpp, line 331
[Child 10271, MediaDecoderStateMachine #1] WARNING: Decoder=7f8000cb0400 [OnMediaSinkAudioError]: file /build/firefox-k3d8Rk/firefox-78.0.2+build2/dom/media/MediaDecoderStateMachine.cpp, line 3891
[Child 11194, MediaDecoderStateMachine #1] WARNING: 7f21e0dca120 OpenCubeb() failed to init cubeb: file /build/firefox-k3d8Rk/firefox-78.0.2+build2/dom/media/AudioStream.cpp, line 331
[Child 11194, MediaDecoderStateMachine #1] WARNING: Decoder=7f21da343400 [OnMediaSinkAudioError]: file /build/firefox-k3d8Rk/firefox-78.0.2+build2/dom/media/MediaDecoderStateMachine.cpp, line 3891
[Child 10271, MediaDecoderStateMachine #1] WARNING: 7f7ff6db58b0 OpenCubeb() failed to init cubeb: file /build/firefox-k3d8Rk/firefox-78.0.2+build2/dom/media/AudioStream.cpp, line 331
[Child 10271, MediaDecoderStateMachine #1] WARNING: Decoder=7f7ff1d78400 [OnMediaSinkAudioError]: file /build/firefox-k3d8Rk/firefox-78.0.2+build2/dom/media/MediaDecoderStateMachine.cpp, line 3891
console.error: "Store does not have a valid reducer. Make sure the argument passed to combineReducers is an object whose values are reducers."
SourceActor threw an exception: [Exception... "Component returned failure code: 0x80470002 (NS_BASE_STREAM_CLOSED) [nsIInputStream.available]"  nsresult: "0x80470002 (NS_BASE_STREAM_CLOSED)"  location: "JS frame :: resource://devtools/shared/DevToolsUtils.js :: onResponse :: line 558"  data: no]
Stack: onResponse@resource://devtools/shared/DevToolsUtils.js:558:34
onStopRequest@resource://gre/modules/NetUtil.jsm:128:18
Line: 558, column: 0
console.error: ({})
JavaScript error: resource://devtools/shared/DevToolsUtils.js, line 558: NS_BASE_STREAM_CLOSED: Component returned failure code: 0x80470002 (NS_BASE_STREAM_CLOSED) [nsIInputStream.available]
SourceActor threw an exception: [Exception... "Component returned failure code: 0x80470002 (NS_BASE_STREAM_CLOSED) [nsIInputStream.available]"  nsresult: "0x80470002 (NS_BASE_STREAM_CLOSED)"  location: "JS frame :: resource://devtools/shared/DevToolsUtils.js :: onResponse :: line 558"  data: no]
Stack: onResponse@resource://devtools/shared/DevToolsUtils.js:558:34
onStopRequest@resource://gre/modules/NetUtil.jsm:128:18
Line: 558, column: 0
console.error: ({})
JavaScript error: resource://devtools/shared/DevToolsUtils.js, line 558: NS_BASE_STREAM_CLOSED: Component returned failure code: 0x80470002 (NS_BASE_STREAM_CLOSED) [nsIInputStream.available]
SourceActor threw an exception: [Exception... "Component returned failure code: 0x80470002 (NS_BASE_STREAM_CLOSED) [nsIInputStream.available]"  nsresult: "0x80470002 (NS_BASE_STREAM_CLOSED)"  location: "JS frame :: resource://devtools/shared/DevToolsUtils.js :: onResponse :: line 558"  data: no]
Stack: onResponse@resource://devtools/shared/DevToolsUtils.js:558:34
onStopRequest@resource://gre/modules/NetUtil.jsm:128:18
Line: 558, column: 0
console.error: ({})
JavaScript error: resource://devtools/shared/DevToolsUtils.js, line 558: NS_BASE_STREAM_CLOSED: Component returned failure code: 0x80470002 (NS_BASE_STREAM_CLOSED) [nsIInputStream.available]
[Child 11194, MediaDecoderStateMachine #1] WARNING: 7f21d09996d0 OpenCubeb() failed to init cubeb: file /build/firefox-k3d8Rk/firefox-78.0.2+build2/dom/media/AudioStream.cpp, line 331
[Child 11194, MediaDecoderStateMachine #1] WARNING: Decoder=7f21d09d3800 [OnMediaSinkAudioError]: file /build/firefox-k3d8Rk/firefox-78.0.2+build2/dom/media/MediaDecoderStateMachine.cpp, line 3891
[Child 11194, MediaDecoderStateMachine #1] WARNING: 7f21d0999460 OpenCubeb() failed to init cubeb: file /build/firefox-k3d8Rk/firefox-78.0.2+build2/dom/media/AudioStream.cpp, line 331
[Child 11194, MediaDecoderStateMachine #1] WARNING: Decoder=7f21d3886c00 [OnMediaSinkAudioError]: file /build/firefox-k3d8Rk/firefox-78.0.2+build2/dom/media/MediaDecoderStateMachine.cpp, line 3891
[Child 10271, MediaDecoderStateMachine #1] WARNING: 7f80000566d0 OpenCubeb() failed to init cubeb: file /build/firefox-k3d8Rk/firefox-78.0.2+build2/dom/media/AudioStream.cpp, line 331
[Child 10271, MediaDecoderStateMachine #1] WARNING: Decoder=7f7ff6338000 [OnMediaSinkAudioError]: file /build/firefox-k3d8Rk/firefox-78.0.2+build2/dom/media/MediaDecoderStateMachine.cpp, line 3891
[Child 10271, MediaDecoderStateMachine #1] WARNING: 7f8000056600 OpenCubeb() failed to init cubeb: file /build/firefox-k3d8Rk/firefox-78.0.2+build2/dom/media/AudioStream.cpp, line 331
[Child 10271, MediaDecoderStateMachine #1] WARNING: Decoder=7f7ff1d6e000 [OnMediaSinkAudioError]: file /build/firefox-k3d8Rk/firefox-78.0.2+build2/dom/media/MediaDecoderStateMachine.cpp, line 3891
[Child 11194, MediaDecoderStateMachine #2] WARNING: 7f21c97cc7a0 OpenCubeb() failed to init cubeb: file /build/firefox-k3d8Rk/firefox-78.0.2+build2/dom/media/AudioStream.cpp, line 331
[Child 11194, MediaDecoderStateMachine #2] WARNING: Decoder=7f21d0067800 [OnMediaSinkAudioError]: file /build/firefox-k3d8Rk/firefox-78.0.2+build2/dom/media/MediaDecoderStateMachine.cpp, line 3891
[Child 11194, MediaDecoderStateMachine #2] WARNING: 7f21c97cc600 OpenCubeb() failed to init cubeb: file /build/firefox-k3d8Rk/firefox-78.0.2+build2/dom/media/AudioStream.cpp, line 331
[Child 11194, MediaDecoderStateMachine #2] WARNING: Decoder=7f21c8ee9c00 [OnMediaSinkAudioError]: file /build/firefox-k3d8Rk/firefox-78.0.2+build2/dom/media/MediaDecoderStateMachine.cpp, line 3891
[Child 10271, MediaDecoderStateMachine #1] WARNING: 7f7ff32f13d0 OpenCubeb() failed to init cubeb: file /build/firefox-k3d8Rk/firefox-78.0.2+build2/dom/media/AudioStream.cpp, line 331
[Child 10271, MediaDecoderStateMachine #1] WARNING: Decoder=7f7ff633f400 [OnMediaSinkAudioError]: file /build/firefox-k3d8Rk/firefox-78.0.2+build2/dom/media/MediaDecoderStateMachine.cpp, line 3891
[Child 10271, MediaDecoderStateMachine #1] WARNING: 7f7ff32f1230 OpenCubeb() failed to init cubeb: file /build/firefox-k3d8Rk/firefox-78.0.2+build2/dom/media/AudioStream.cpp, line 331
[Child 10271, MediaDecoderStateMachine #1] WARNING: Decoder=7f7ff3059400 [OnMediaSinkAudioError]: file /build/firefox-k3d8Rk/firefox-78.0.2+build2/dom/media/MediaDecoderStateMachine.cpp, line 3891
[Child 11194, MediaDecoderStateMachine #2] WARNING: 7f21cb1fe160 OpenCubeb() failed to init cubeb: file /build/firefox-k3d8Rk/firefox-78.0.2+build2/dom/media/AudioStream.cpp, line 331
[Child 11194, MediaDecoderStateMachine #2] WARNING: Decoder=7f21d006c800 [OnMediaSinkAudioError]: file /build/firefox-k3d8Rk/firefox-78.0.2+build2/dom/media/MediaDecoderStateMachine.cpp, line 3891
[Child 10271, MediaDecoderStateMachine #1] WARNING: 7f7feebfe8b0 OpenCubeb() failed to init cubeb: file /build/firefox-k3d8Rk/firefox-78.0.2+build2/dom/media/AudioStream.cpp, line 331
[Child 10271, MediaDecoderStateMachine #1] WARNING: Decoder=7f7ff4c20400 [OnMediaSinkAudioError]: file /build/firefox-k3d8Rk/firefox-78.0.2+build2/dom/media/MediaDecoderStateMachine.cpp, line 3891
[Child 10271, MediaDecoderStateMachine #1] WARNING: 7f7feebfe710 OpenCubeb() failed to init cubeb: file /build/firefox-k3d8Rk/firefox-78.0.2+build2/dom/media/AudioStream.cpp, line 331
[Child 10271, MediaDecoderStateMachine #1] WARNING: Decoder=7f7ff305d800 [OnMediaSinkAudioError]: file /build/firefox-k3d8Rk/firefox-78.0.2+build2/dom/media/MediaDecoderStateMachine.cpp, line 3891
[Child 11194, MediaDecoderStateMachine #2] WARNING: 7f21cb1fdfc0 OpenCubeb() failed to init cubeb: file /build/firefox-k3d8Rk/firefox-78.0.2+build2/dom/media/AudioStream.cpp, line 331
[Child 11194, MediaDecoderStateMachine #2] WARNING: Decoder=7f21c8d75c00 [OnMediaSinkAudioError]: file /build/firefox-k3d8Rk/firefox-78.0.2+build2/dom/media/MediaDecoderStateMachine.cpp, line 3891
[Child 11194, MediaDecoderStateMachine #2] WARNING: 7f21d099a7e0 OpenCubeb() failed to init cubeb: file /build/firefox-k3d8Rk/firefox-78.0.2+build2/dom/media/AudioStream.cpp, line 331
[Child 11194, MediaDecoderStateMachine #2] WARNING: Decoder=7f21d009fc00 [OnMediaSinkAudioError]: file /build/firefox-k3d8Rk/firefox-78.0.2+build2/dom/media/MediaDecoderStateMachine.cpp, line 3891
[Child 11194, MediaDecoderStateMachine #2] WARNING: 7f21d0999e20 OpenCubeb() failed to init cubeb: file /build/firefox-k3d8Rk/firefox-78.0.2+build2/dom/media/AudioStream.cpp, line 331
[Child 11194, MediaDecoderStateMachine #2] WARNING: Decoder=7f21c8d75000 [OnMediaSinkAudioError]: file /build/firefox-k3d8Rk/firefox-78.0.2+build2/dom/media/MediaDecoderStateMachine.cpp, line 3891
[Child 10271, MediaDecoderStateMachine #1] WARNING: 7f7ff18cebf0 OpenCubeb() failed to init cubeb: file /build/firefox-k3d8Rk/firefox-78.0.2+build2/dom/media/AudioStream.cpp, line 331
[Child 10271, MediaDecoderStateMachine #1] WARNING: Decoder=7f7ff46d1400 [OnMediaSinkAudioError]: file /build/firefox-k3d8Rk/firefox-78.0.2+build2/dom/media/MediaDecoderStateMachine.cpp, line 3891
[Child 10271, MediaDecoderStateMachine #1] WARNING: 7f7ff226fbf0 OpenCubeb() failed to init cubeb: file /build/firefox-k3d8Rk/firefox-78.0.2+build2/dom/media/AudioStream.cpp, line 331
[Child 10271, MediaDecoderStateMachine #1] WARNING: Decoder=7f7ff1d6f000 [OnMediaSinkAudioError]: file /build/firefox-k3d8Rk/firefox-78.0.2+build2/dom/media/MediaDecoderStateMachine.cpp, line 3891
1594775405664	Marionette	INFO	Stopped listening on port 46673
[Child 11194, MediaDecoderStateMachine #2] WARNING: 7f21d23a1ae0 OpenCubeb() failed to init cubeb: file /build/firefox-k3d8Rk/firefox-78.0.2+build2/dom/media/AudioStream.cpp, line 331
[Child 11194, MediaDecoderStateMachine #2] WARNING: Decoder=7f21d00b1800 [OnMediaSinkAudioError]: file /build/firefox-k3d8Rk/firefox-78.0.2+build2/dom/media/MediaDecoderStateMachine.cpp, line 3891
[Child 11194, MediaDecoderStateMachine #2] WARNING: 7f21d23a2090 OpenCubeb() failed to init cubeb: file /build/firefox-k3d8Rk/firefox-78.0.2+build2/dom/media/AudioStream.cpp, line 331
[Child 11194, MediaDecoderStateMachine #2] WARNING: Decoder=7f21c8d75400 [OnMediaSinkAudioError]: file /build/firefox-k3d8Rk/firefox-78.0.2+build2/dom/media/MediaDecoderStateMachine.cpp, line 3891
[Child 11194, MediaDecoderStateMachine #2] WARNING: 7f21d3c03a50 OpenCubeb() failed to init cubeb: file /build/firefox-k3d8Rk/firefox-78.0.2+build2/dom/media/AudioStream.cpp, line 331
[Child 11194, MediaDecoderStateMachine #2] WARNING: Decoder=7f21d094e400 [OnMediaSinkAudioError]: file /build/firefox-k3d8Rk/firefox-78.0.2+build2/dom/media/MediaDecoderStateMachine.cpp, line 3891
[Child 11194, MediaDecoderStateMachine #2] WARNING: 7f21d7137230 OpenCubeb() failed to init cubeb: file /build/firefox-k3d8Rk/firefox-78.0.2+build2/dom/media/AudioStream.cpp, line 331
[Child 11194, MediaDecoderStateMachine #2] WARNING: Decoder=7f21c8d77c00 [OnMediaSinkAudioError]: file /build/firefox-k3d8Rk/firefox-78.0.2+build2/dom/media/MediaDecoderStateMachine.cpp, line 3891
[Child 11194, MediaDecoderStateMachine #2] WARNING: 7f21d413dcc0 OpenCubeb() failed to init cubeb: file /build/firefox-k3d8Rk/firefox-78.0.2+build2/dom/media/AudioStream.cpp, line 331
[Child 11194, MediaDecoderStateMachine #2] WARNING: Decoder=7f21d0a96c00 [OnMediaSinkAudioError]: file /build/firefox-k3d8Rk/firefox-78.0.2+build2/dom/media/MediaDecoderStateMachine.cpp, line 3891
[Child 11194, MediaDecoderStateMachine #2] WARNING: 7f21d413d980 OpenCubeb() failed to init cubeb: file /build/firefox-k3d8Rk/firefox-78.0.2+build2/dom/media/AudioStream.cpp, line 331
[Child 11194, MediaDecoderStateMachine #2] WARNING: Decoder=7f21c8d77400 [OnMediaSinkAudioError]: file /build/firefox-k3d8Rk/firefox-78.0.2+build2/dom/media/MediaDecoderStateMachine.cpp, line 3891
[Child 11194, MediaDecoderStateMachine #2] WARNING: 7f21c97bfd90 OpenCubeb() failed to init cubeb: file /build/firefox-k3d8Rk/firefox-78.0.2+build2/dom/media/AudioStream.cpp, line 331
[Child 11194, MediaDecoderStateMachine #2] WARNING: Decoder=7f21d0fc7000 [OnMediaSinkAudioError]: file /build/firefox-k3d8Rk/firefox-78.0.2+build2/dom/media/MediaDecoderStateMachine.cpp, line 3891
[Child 11194, MediaDecoderStateMachine #2] WARNING: 7f21c97bf8b0 OpenCubeb() failed to init cubeb: file /build/firefox-k3d8Rk/firefox-78.0.2+build2/dom/media/AudioStream.cpp, line 331
[Child 11194, MediaDecoderStateMachine #2] WARNING: Decoder=7f21c8d78c00 [OnMediaSinkAudioError]: file /build/firefox-k3d8Rk/firefox-78.0.2+build2/dom/media/MediaDecoderStateMachine.cpp, line 3891
[Child 11194, MediaDecoderStateMachine #2] WARNING: 7f21c8fa48b0 OpenCubeb() failed to init cubeb: file /build/firefox-k3d8Rk/firefox-78.0.2+build2/dom/media/AudioStream.cpp, line 331
[Child 11194, MediaDecoderStateMachine #2] WARNING: Decoder=7f21d1459c00 [OnMediaSinkAudioError]: file /build/firefox-k3d8Rk/firefox-78.0.2+build2/dom/media/MediaDecoderStateMachine.cpp, line 3891

###!!! [Child][RunMessage] Error: Channel closing: too late to send/recv, messages will be lost

1594776159450	Marionette	INFO	Stopped listening on port 41207
1595988834295	mozrunner::runner	INFO	Running command: "/usr/bin/firefox" "-marionette" "-foreground" "-no-remote" "-profile" "/tmp/rust_mozprofile71h7UJ"
1595988841845	Marionette	INFO	Listening on port 36159
1595988841942	Marionette	WARN	TLS certificate errors will be ignored for this session
1595988902332	Marionette	INFO	Stopped listening on port 36159
1595989016869	mozrunner::runner	INFO	Running command: "/usr/bin/firefox" "-marionette" "-foreground" "-no-remote" "-profile" "/tmp/rust_mozprofilenV4Bem"
1595989023162	Marionette	INFO	Listening on port 37817
1595989023203	Marionette	WARN	TLS certificate errors will be ignored for this session
JavaScript error: https://tpc.googlesyndication.com/pagead/js/r20200727/r20110914/client/qs_click_protection_fy2019.js, line 11: NS_ERROR_NOT_INITIALIZED: 
JavaScript error: https://tpc.googlesyndication.com/pagead/js/r20200727/r20110914/client/qs_click_protection_fy2019.js, line 11: NS_ERROR_NOT_INITIALIZED: 

###!!! [Child][RunMessage] Error: Channel closing: too late to send/recv, messages will be lost


###!!! [Child][RunMessage] Error: Channel closing: too late to send/recv, messages will be lost


###!!! [Child][RunMessage] Error: Channel closing: too late to send/recv, messages will be lost


###!!! [Child][RunMessage] Error: Channel closing: too late to send/recv, messages will be lost


###!!! [Child][RunMessage] Error: Channel closing: too late to send/recv, messages will be lost


###!!! [Child][RunMessage] Error: Channel closing: too late to send/recv, messages will be lost


###!!! [Child][RunMessage] Error: Channel closing: too late to send/recv, messages will be lost


###!!! [Child][RunMessage] Error: Channel closing: too late to send/recv, messages will be lost


###!!! [Child][RunMessage] Error: Channel closing: too late to send/recv, messages will be lost


###!!! [Child][RunMessage] Error: Channel closing: too late to send/recv, messages will be lost

1595989190214	mozrunner::runner	INFO	Running command: "/usr/bin/firefox" "-marionette" "-foreground" "-no-remote" "-profile" "/tmp/rust_mozprofileoPYxlk"
1595989196353	Marionette	INFO	Listening on port 45157
1595989196439	Marionette	WARN	TLS certificate errors will be ignored for this session
1595989251858	Marionette	INFO	Stopped listening on port 37817
1595989256144	Marionette	INFO	Stopped listening on port 45157
1595989697223	mozrunner::runner	INFO	Running command: "/usr/bin/firefox" "-marionette" "-foreground" "-no-remote" "-profile" "/tmp/rust_mozprofilevOZs6c"
1595989703404	Marionette	INFO	Listening on port 35379
1595989703451	Marionette	WARN	TLS certificate errors will be ignored for this session
JavaScript error: https://cdn.ampproject.org/rtv/012007210634000/amp4ads-v0.js, line 28: Error: Failed to load: https://encrypted-tbn3.gstatic.com/shopping?q=tbn:ANd9GcQNVhwuUgiNQLG_uvtT4fqYfCh3oGmDVSE7CEGsbFBVpevps3mY6UfTAgCJcl8&usqp=CAI​​​
IPDL protocol error: Handler returned error code!

###!!! [Parent][DispatchAsyncMessage] Error: PMessagePort::Msg_PostMessages Processing error: message was deserialized, but the handler returned false (indicating failure)

1595989774114	Marionette	INFO	Stopped listening on port 35379
1595990097931	mozrunner::runner	INFO	Running command: "/usr/bin/firefox" "-marionette" "-foreground" "-no-remote" "-profile" "/tmp/rust_mozprofile0vErnw"
1595990104242	Marionette	INFO	Listening on port 36087
1595990104298	Marionette	WARN	TLS certificate errors will be ignored for this session
JavaScript error: https://tpc.googlesyndication.com/pagead/js/r20200723/r20110914/client/qs_click_protection_fy2019.js, line 11: NS_ERROR_NOT_INITIALIZED: 

###!!! [Child][RunMessage] Error: Channel closing: too late to send/recv, messages will be lost

1595990233189	Marionette	INFO	Stopped listening on port 36087
1595990286009	mozrunner::runner	INFO	Running command: "/usr/bin/firefox" "-marionette" "-foreground" "-no-remote" "-profile" "/tmp/rust_mozprofilePSOxTo"
1595990292508	Marionette	INFO	Listening on port 35981
1595990292542	Marionette	WARN	TLS certificate errors will be ignored for this session
1595990350927	mozrunner::runner	INFO	Running command: "/usr/bin/firefox" "-marionette" "-foreground" "-no-remote" "-profile" "/tmp/rust_mozprofileabmcxE"
1595990357791	Marionette	INFO	Stopped listening on port 35981
1595990360071	Marionette	INFO	Listening on port 42901
1595990361822	Marionette	WARN	TLS certificate errors will be ignored for this session
console.error: "Store does not have a valid reducer. Make sure the argument passed to combineReducers is an object whose values are reducers."
SourceActor threw an exception: [Exception... "Component returned failure code: 0x80470002 (NS_BASE_STREAM_CLOSED) [nsIInputStream.available]"  nsresult: "0x80470002 (NS_BASE_STREAM_CLOSED)"  location: "JS frame :: resource://devtools/shared/DevToolsUtils.js :: onResponse :: line 558"  data: no]
Stack: onResponse@resource://devtools/shared/DevToolsUtils.js:558:34
onStopRequest@resource://gre/modules/NetUtil.jsm:128:18
Line: 558, column: 0
console.error: ({})
JavaScript error: resource://devtools/shared/DevToolsUtils.js, line 558: NS_BASE_STREAM_CLOSED: Component returned failure code: 0x80470002 (NS_BASE_STREAM_CLOSED) [nsIInputStream.available]
console.error: (new TypeError("container.node.targetFront is null", "resource://devtools/client/inspector/markup/markup.js", 2245))
1595990433977	mozrunner::runner	INFO	Running command: "/usr/bin/firefox" "-marionette" "-foreground" "-no-remote" "-profile" "/tmp/rust_mozprofileQQkKYs"
1595990440538	Marionette	INFO	Listening on port 41141
1595990440602	Marionette	WARN	TLS certificate errors will be ignored for this session
IPDL protocol error: Handler returned error code!

###!!! [Parent][DispatchAsyncMessage] Error: PMessagePort::Msg_PostMessages Processing error: message was deserialized, but the handler returned false (indicating failure)

1595990595935	mozrunner::runner	INFO	Running command: "/usr/bin/firefox" "-marionette" "-foreground" "-no-remote" "-profile" "/tmp/rust_mozprofile4EtnZb"
1595990603554	Marionette	INFO	Listening on port 46543
1595990603600	Marionette	WARN	TLS certificate errors will be ignored for this session
